<?xml version="1.0" encoding="UTF-8"?>
<!-- Generated by org.testng.reporters.JUnitReportReporter -->
<testsuite hostname="LTCQLQMV2" failures="0" tests="1" name="com.test.automation.test.SampleTest" time="4.818" errors="0" timestamp="2021-06-28T20:16:33 IST" skipped="0">
  <testcase classname="com.test.automation.test.SampleTest" name="TestURL" time="4.818"/>
  <system-out/>
</testsuite> <!-- com.test.automation.test.SampleTest -->
