<?xml version="1.0" encoding="UTF-8"?>
<!-- Generated by org.testng.reporters.JUnitReportReporter -->
<testsuite hostname="LTCQLQMV2" failures="0" tests="1" name="com.test.automation.test.SampleTest" time="5.127" errors="0" timestamp="2021-06-28T20:20:53 IST" skipped="0">
  <testcase classname="com.test.automation.test.SampleTest" name="TestURL" time="5.127"/>
  <system-out/>
</testsuite> <!-- com.test.automation.test.SampleTest -->
